CRITICAL - 2024-04-03 03:21:29 --> ErrorException: Cannot declare class App\Controllers\Barang because the name is already in use
in APPPATH\Controllers\Mahasiswa.php on line 9.
 1 [internal function]: CodeIgniter\Debug\Exceptions->shutdownHandler()
ERROR - 2024-04-03 03:29:43 --> mysqli_sql_exception: Table 'mahasiswa.barang' doesn't exist in C:\xampp\htdocs\ci-news\system\Database\MySQLi\Connection.php:306
Stack trace:
#0 C:\xampp\htdocs\ci-news\system\Database\MySQLi\Connection.php(306): mysqli->query('SELECT *\nFROM `...', 0)
#1 C:\xampp\htdocs\ci-news\system\Database\BaseConnection.php(693): CodeIgniter\Database\MySQLi\Connection->execute('SELECT *\nFROM `...')
#2 C:\xampp\htdocs\ci-news\system\Database\BaseConnection.php(607): CodeIgniter\Database\BaseConnection->simpleQuery('SELECT *\nFROM `...')
#3 C:\xampp\htdocs\ci-news\system\Database\BaseBuilder.php(1616): CodeIgniter\Database\BaseConnection->query('SELECT *\nFROM `...', Array, false)
#4 C:\xampp\htdocs\ci-news\system\Model.php(242): CodeIgniter\Database\BaseBuilder->get()
#5 C:\xampp\htdocs\ci-news\system\BaseModel.php(638): CodeIgniter\Model->doFindAll(0, 0)
#6 C:\xampp\htdocs\ci-news\app\Controllers\Barang.php(14): CodeIgniter\BaseModel->findAll()
#7 C:\xampp\htdocs\ci-news\system\CodeIgniter.php(941): App\Controllers\Barang->display()
#8 C:\xampp\htdocs\ci-news\system\CodeIgniter.php(502): CodeIgniter\CodeIgniter->runController(Object(App\Controllers\Barang))
#9 C:\xampp\htdocs\ci-news\system\CodeIgniter.php(361): CodeIgniter\CodeIgniter->handleRequest(NULL, Object(Config\Cache), false)
#10 C:\xampp\htdocs\ci-news\public\index.php(79): CodeIgniter\CodeIgniter->run()
#11 C:\xampp\htdocs\ci-news\system\Commands\Server\rewrite.php(47): require_once('C:\\xampp\\htdocs...')
#12 {main}
CRITICAL - 2024-04-03 03:29:43 --> CodeIgniter\Database\Exceptions\DatabaseException: Table 'mahasiswa.barang' doesn't exist
in SYSTEMPATH\Database\BaseConnection.php on line 647.
 1 SYSTEMPATH\Database\BaseBuilder.php(1616): CodeIgniter\Database\BaseConnection->query('SELECT *
FROM `barang`
ORDER BY `id` DESC', [], false)
 2 SYSTEMPATH\Model.php(242): CodeIgniter\Database\BaseBuilder->get()
 3 SYSTEMPATH\BaseModel.php(638): CodeIgniter\Model->doFindAll(0, 0)
 4 APPPATH\Controllers\Barang.php(14): CodeIgniter\BaseModel->findAll()
 5 SYSTEMPATH\CodeIgniter.php(941): App\Controllers\Barang->display()
 6 SYSTEMPATH\CodeIgniter.php(502): CodeIgniter\CodeIgniter->runController(Object(App\Controllers\Barang))
 7 SYSTEMPATH\CodeIgniter.php(361): CodeIgniter\CodeIgniter->handleRequest(null, Object(Config\Cache), false)
 8 FCPATH\index.php(79): CodeIgniter\CodeIgniter->run()
 9 SYSTEMPATH\Commands\Server\rewrite.php(47): require_once('C:\\xampp\\htdocs\\ci-news\\public\\index.php')
CRITICAL - 2024-04-03 03:29:43 --> [Caused by] CodeIgniter\Database\Exceptions\DatabaseException: Table 'mahasiswa.barang' doesn't exist
in SYSTEMPATH\Database\MySQLi\Connection.php on line 311.
 1 SYSTEMPATH\Database\BaseConnection.php(693): CodeIgniter\Database\MySQLi\Connection->execute('SELECT *
FROM `barang`
ORDER BY `id` DESC')
 2 SYSTEMPATH\Database\BaseConnection.php(607): CodeIgniter\Database\BaseConnection->simpleQuery('SELECT *
FROM `barang`
ORDER BY `id` DESC')
 3 SYSTEMPATH\Database\BaseBuilder.php(1616): CodeIgniter\Database\BaseConnection->query('SELECT *
FROM `barang`
ORDER BY `id` DESC', [], false)
 4 SYSTEMPATH\Model.php(242): CodeIgniter\Database\BaseBuilder->get()
 5 SYSTEMPATH\BaseModel.php(638): CodeIgniter\Model->doFindAll(0, 0)
 6 APPPATH\Controllers\Barang.php(14): CodeIgniter\BaseModel->findAll()
 7 SYSTEMPATH\CodeIgniter.php(941): App\Controllers\Barang->display()
 8 SYSTEMPATH\CodeIgniter.php(502): CodeIgniter\CodeIgniter->runController(Object(App\Controllers\Barang))
 9 SYSTEMPATH\CodeIgniter.php(361): CodeIgniter\CodeIgniter->handleRequest(null, Object(Config\Cache), false)
10 FCPATH\index.php(79): CodeIgniter\CodeIgniter->run()
11 SYSTEMPATH\Commands\Server\rewrite.php(47): require_once('C:\\xampp\\htdocs\\ci-news\\public\\index.php')
CRITICAL - 2024-04-03 03:29:43 --> [Caused by] mysqli_sql_exception: Table 'mahasiswa.barang' doesn't exist
in SYSTEMPATH\Database\MySQLi\Connection.php on line 306.
 1 SYSTEMPATH\Database\MySQLi\Connection.php(306): mysqli->query('SELECT *
FROM `barang`
ORDER BY `id` DESC', 0)
 2 SYSTEMPATH\Database\BaseConnection.php(693): CodeIgniter\Database\MySQLi\Connection->execute('SELECT *
FROM `barang`
ORDER BY `id` DESC')
 3 SYSTEMPATH\Database\BaseConnection.php(607): CodeIgniter\Database\BaseConnection->simpleQuery('SELECT *
FROM `barang`
ORDER BY `id` DESC')
 4 SYSTEMPATH\Database\BaseBuilder.php(1616): CodeIgniter\Database\BaseConnection->query('SELECT *
FROM `barang`
ORDER BY `id` DESC', [], false)
 5 SYSTEMPATH\Model.php(242): CodeIgniter\Database\BaseBuilder->get()
 6 SYSTEMPATH\BaseModel.php(638): CodeIgniter\Model->doFindAll(0, 0)
 7 APPPATH\Controllers\Barang.php(14): CodeIgniter\BaseModel->findAll()
 8 SYSTEMPATH\CodeIgniter.php(941): App\Controllers\Barang->display()
 9 SYSTEMPATH\CodeIgniter.php(502): CodeIgniter\CodeIgniter->runController(Object(App\Controllers\Barang))
10 SYSTEMPATH\CodeIgniter.php(361): CodeIgniter\CodeIgniter->handleRequest(null, Object(Config\Cache), false)
11 FCPATH\index.php(79): CodeIgniter\CodeIgniter->run()
12 SYSTEMPATH\Commands\Server\rewrite.php(47): require_once('C:\\xampp\\htdocs\\ci-news\\public\\index.php')
ERROR - 2024-04-03 03:32:31 --> mysqli_sql_exception: Unknown column 'id' in 'order clause' in C:\xampp\htdocs\ci-news\system\Database\MySQLi\Connection.php:306
Stack trace:
#0 C:\xampp\htdocs\ci-news\system\Database\MySQLi\Connection.php(306): mysqli->query('SELECT *\nFROM `...', 0)
#1 C:\xampp\htdocs\ci-news\system\Database\BaseConnection.php(693): CodeIgniter\Database\MySQLi\Connection->execute('SELECT *\nFROM `...')
#2 C:\xampp\htdocs\ci-news\system\Database\BaseConnection.php(607): CodeIgniter\Database\BaseConnection->simpleQuery('SELECT *\nFROM `...')
#3 C:\xampp\htdocs\ci-news\system\Database\BaseBuilder.php(1616): CodeIgniter\Database\BaseConnection->query('SELECT *\nFROM `...', Array, false)
#4 C:\xampp\htdocs\ci-news\system\Model.php(242): CodeIgniter\Database\BaseBuilder->get()
#5 C:\xampp\htdocs\ci-news\system\BaseModel.php(638): CodeIgniter\Model->doFindAll(0, 0)
#6 C:\xampp\htdocs\ci-news\app\Controllers\Barang.php(14): CodeIgniter\BaseModel->findAll()
#7 C:\xampp\htdocs\ci-news\system\CodeIgniter.php(941): App\Controllers\Barang->display()
#8 C:\xampp\htdocs\ci-news\system\CodeIgniter.php(502): CodeIgniter\CodeIgniter->runController(Object(App\Controllers\Barang))
#9 C:\xampp\htdocs\ci-news\system\CodeIgniter.php(361): CodeIgniter\CodeIgniter->handleRequest(NULL, Object(Config\Cache), false)
#10 C:\xampp\htdocs\ci-news\public\index.php(79): CodeIgniter\CodeIgniter->run()
#11 C:\xampp\htdocs\ci-news\system\Commands\Server\rewrite.php(47): require_once('C:\\xampp\\htdocs...')
#12 {main}
CRITICAL - 2024-04-03 03:32:31 --> CodeIgniter\Database\Exceptions\DatabaseException: Unknown column 'id' in 'order clause'
in SYSTEMPATH\Database\BaseConnection.php on line 647.
 1 SYSTEMPATH\Database\BaseBuilder.php(1616): CodeIgniter\Database\BaseConnection->query('SELECT *
FROM `barang`
ORDER BY `id` DESC', [], false)
 2 SYSTEMPATH\Model.php(242): CodeIgniter\Database\BaseBuilder->get()
 3 SYSTEMPATH\BaseModel.php(638): CodeIgniter\Model->doFindAll(0, 0)
 4 APPPATH\Controllers\Barang.php(14): CodeIgniter\BaseModel->findAll()
 5 SYSTEMPATH\CodeIgniter.php(941): App\Controllers\Barang->display()
 6 SYSTEMPATH\CodeIgniter.php(502): CodeIgniter\CodeIgniter->runController(Object(App\Controllers\Barang))
 7 SYSTEMPATH\CodeIgniter.php(361): CodeIgniter\CodeIgniter->handleRequest(null, Object(Config\Cache), false)
 8 FCPATH\index.php(79): CodeIgniter\CodeIgniter->run()
 9 SYSTEMPATH\Commands\Server\rewrite.php(47): require_once('C:\\xampp\\htdocs\\ci-news\\public\\index.php')
CRITICAL - 2024-04-03 03:32:31 --> [Caused by] CodeIgniter\Database\Exceptions\DatabaseException: Unknown column 'id' in 'order clause'
in SYSTEMPATH\Database\MySQLi\Connection.php on line 311.
 1 SYSTEMPATH\Database\BaseConnection.php(693): CodeIgniter\Database\MySQLi\Connection->execute('SELECT *
FROM `barang`
ORDER BY `id` DESC')
 2 SYSTEMPATH\Database\BaseConnection.php(607): CodeIgniter\Database\BaseConnection->simpleQuery('SELECT *
FROM `barang`
ORDER BY `id` DESC')
 3 SYSTEMPATH\Database\BaseBuilder.php(1616): CodeIgniter\Database\BaseConnection->query('SELECT *
FROM `barang`
ORDER BY `id` DESC', [], false)
 4 SYSTEMPATH\Model.php(242): CodeIgniter\Database\BaseBuilder->get()
 5 SYSTEMPATH\BaseModel.php(638): CodeIgniter\Model->doFindAll(0, 0)
 6 APPPATH\Controllers\Barang.php(14): CodeIgniter\BaseModel->findAll()
 7 SYSTEMPATH\CodeIgniter.php(941): App\Controllers\Barang->display()
 8 SYSTEMPATH\CodeIgniter.php(502): CodeIgniter\CodeIgniter->runController(Object(App\Controllers\Barang))
 9 SYSTEMPATH\CodeIgniter.php(361): CodeIgniter\CodeIgniter->handleRequest(null, Object(Config\Cache), false)
10 FCPATH\index.php(79): CodeIgniter\CodeIgniter->run()
11 SYSTEMPATH\Commands\Server\rewrite.php(47): require_once('C:\\xampp\\htdocs\\ci-news\\public\\index.php')
CRITICAL - 2024-04-03 03:32:31 --> [Caused by] mysqli_sql_exception: Unknown column 'id' in 'order clause'
in SYSTEMPATH\Database\MySQLi\Connection.php on line 306.
 1 SYSTEMPATH\Database\MySQLi\Connection.php(306): mysqli->query('SELECT *
FROM `barang`
ORDER BY `id` DESC', 0)
 2 SYSTEMPATH\Database\BaseConnection.php(693): CodeIgniter\Database\MySQLi\Connection->execute('SELECT *
FROM `barang`
ORDER BY `id` DESC')
 3 SYSTEMPATH\Database\BaseConnection.php(607): CodeIgniter\Database\BaseConnection->simpleQuery('SELECT *
FROM `barang`
ORDER BY `id` DESC')
 4 SYSTEMPATH\Database\BaseBuilder.php(1616): CodeIgniter\Database\BaseConnection->query('SELECT *
FROM `barang`
ORDER BY `id` DESC', [], false)
 5 SYSTEMPATH\Model.php(242): CodeIgniter\Database\BaseBuilder->get()
 6 SYSTEMPATH\BaseModel.php(638): CodeIgniter\Model->doFindAll(0, 0)
 7 APPPATH\Controllers\Barang.php(14): CodeIgniter\BaseModel->findAll()
 8 SYSTEMPATH\CodeIgniter.php(941): App\Controllers\Barang->display()
 9 SYSTEMPATH\CodeIgniter.php(502): CodeIgniter\CodeIgniter->runController(Object(App\Controllers\Barang))
10 SYSTEMPATH\CodeIgniter.php(361): CodeIgniter\CodeIgniter->handleRequest(null, Object(Config\Cache), false)
11 FCPATH\index.php(79): CodeIgniter\CodeIgniter->run()
12 SYSTEMPATH\Commands\Server\rewrite.php(47): require_once('C:\\xampp\\htdocs\\ci-news\\public\\index.php')
ERROR - 2024-04-03 03:32:35 --> mysqli_sql_exception: Unknown column 'id' in 'order clause' in C:\xampp\htdocs\ci-news\system\Database\MySQLi\Connection.php:306
Stack trace:
#0 C:\xampp\htdocs\ci-news\system\Database\MySQLi\Connection.php(306): mysqli->query('SELECT *\nFROM `...', 0)
#1 C:\xampp\htdocs\ci-news\system\Database\BaseConnection.php(693): CodeIgniter\Database\MySQLi\Connection->execute('SELECT *\nFROM `...')
#2 C:\xampp\htdocs\ci-news\system\Database\BaseConnection.php(607): CodeIgniter\Database\BaseConnection->simpleQuery('SELECT *\nFROM `...')
#3 C:\xampp\htdocs\ci-news\system\Database\BaseBuilder.php(1616): CodeIgniter\Database\BaseConnection->query('SELECT *\nFROM `...', Array, false)
#4 C:\xampp\htdocs\ci-news\system\Model.php(242): CodeIgniter\Database\BaseBuilder->get()
#5 C:\xampp\htdocs\ci-news\system\BaseModel.php(638): CodeIgniter\Model->doFindAll(0, 0)
#6 C:\xampp\htdocs\ci-news\app\Controllers\Barang.php(14): CodeIgniter\BaseModel->findAll()
#7 C:\xampp\htdocs\ci-news\system\CodeIgniter.php(941): App\Controllers\Barang->display()
#8 C:\xampp\htdocs\ci-news\system\CodeIgniter.php(502): CodeIgniter\CodeIgniter->runController(Object(App\Controllers\Barang))
#9 C:\xampp\htdocs\ci-news\system\CodeIgniter.php(361): CodeIgniter\CodeIgniter->handleRequest(NULL, Object(Config\Cache), false)
#10 C:\xampp\htdocs\ci-news\public\index.php(79): CodeIgniter\CodeIgniter->run()
#11 C:\xampp\htdocs\ci-news\system\Commands\Server\rewrite.php(47): require_once('C:\\xampp\\htdocs...')
#12 {main}
CRITICAL - 2024-04-03 03:32:35 --> CodeIgniter\Database\Exceptions\DatabaseException: Unknown column 'id' in 'order clause'
in SYSTEMPATH\Database\BaseConnection.php on line 647.
 1 SYSTEMPATH\Database\BaseBuilder.php(1616): CodeIgniter\Database\BaseConnection->query('SELECT *
FROM `barang`
ORDER BY `id` DESC', [], false)
 2 SYSTEMPATH\Model.php(242): CodeIgniter\Database\BaseBuilder->get()
 3 SYSTEMPATH\BaseModel.php(638): CodeIgniter\Model->doFindAll(0, 0)
 4 APPPATH\Controllers\Barang.php(14): CodeIgniter\BaseModel->findAll()
 5 SYSTEMPATH\CodeIgniter.php(941): App\Controllers\Barang->display()
 6 SYSTEMPATH\CodeIgniter.php(502): CodeIgniter\CodeIgniter->runController(Object(App\Controllers\Barang))
 7 SYSTEMPATH\CodeIgniter.php(361): CodeIgniter\CodeIgniter->handleRequest(null, Object(Config\Cache), false)
 8 FCPATH\index.php(79): CodeIgniter\CodeIgniter->run()
 9 SYSTEMPATH\Commands\Server\rewrite.php(47): require_once('C:\\xampp\\htdocs\\ci-news\\public\\index.php')
CRITICAL - 2024-04-03 03:32:35 --> [Caused by] CodeIgniter\Database\Exceptions\DatabaseException: Unknown column 'id' in 'order clause'
in SYSTEMPATH\Database\MySQLi\Connection.php on line 311.
 1 SYSTEMPATH\Database\BaseConnection.php(693): CodeIgniter\Database\MySQLi\Connection->execute('SELECT *
FROM `barang`
ORDER BY `id` DESC')
 2 SYSTEMPATH\Database\BaseConnection.php(607): CodeIgniter\Database\BaseConnection->simpleQuery('SELECT *
FROM `barang`
ORDER BY `id` DESC')
 3 SYSTEMPATH\Database\BaseBuilder.php(1616): CodeIgniter\Database\BaseConnection->query('SELECT *
FROM `barang`
ORDER BY `id` DESC', [], false)
 4 SYSTEMPATH\Model.php(242): CodeIgniter\Database\BaseBuilder->get()
 5 SYSTEMPATH\BaseModel.php(638): CodeIgniter\Model->doFindAll(0, 0)
 6 APPPATH\Controllers\Barang.php(14): CodeIgniter\BaseModel->findAll()
 7 SYSTEMPATH\CodeIgniter.php(941): App\Controllers\Barang->display()
 8 SYSTEMPATH\CodeIgniter.php(502): CodeIgniter\CodeIgniter->runController(Object(App\Controllers\Barang))
 9 SYSTEMPATH\CodeIgniter.php(361): CodeIgniter\CodeIgniter->handleRequest(null, Object(Config\Cache), false)
10 FCPATH\index.php(79): CodeIgniter\CodeIgniter->run()
11 SYSTEMPATH\Commands\Server\rewrite.php(47): require_once('C:\\xampp\\htdocs\\ci-news\\public\\index.php')
CRITICAL - 2024-04-03 03:32:35 --> [Caused by] mysqli_sql_exception: Unknown column 'id' in 'order clause'
in SYSTEMPATH\Database\MySQLi\Connection.php on line 306.
 1 SYSTEMPATH\Database\MySQLi\Connection.php(306): mysqli->query('SELECT *
FROM `barang`
ORDER BY `id` DESC', 0)
 2 SYSTEMPATH\Database\BaseConnection.php(693): CodeIgniter\Database\MySQLi\Connection->execute('SELECT *
FROM `barang`
ORDER BY `id` DESC')
 3 SYSTEMPATH\Database\BaseConnection.php(607): CodeIgniter\Database\BaseConnection->simpleQuery('SELECT *
FROM `barang`
ORDER BY `id` DESC')
 4 SYSTEMPATH\Database\BaseBuilder.php(1616): CodeIgniter\Database\BaseConnection->query('SELECT *
FROM `barang`
ORDER BY `id` DESC', [], false)
 5 SYSTEMPATH\Model.php(242): CodeIgniter\Database\BaseBuilder->get()
 6 SYSTEMPATH\BaseModel.php(638): CodeIgniter\Model->doFindAll(0, 0)
 7 APPPATH\Controllers\Barang.php(14): CodeIgniter\BaseModel->findAll()
 8 SYSTEMPATH\CodeIgniter.php(941): App\Controllers\Barang->display()
 9 SYSTEMPATH\CodeIgniter.php(502): CodeIgniter\CodeIgniter->runController(Object(App\Controllers\Barang))
10 SYSTEMPATH\CodeIgniter.php(361): CodeIgniter\CodeIgniter->handleRequest(null, Object(Config\Cache), false)
11 FCPATH\index.php(79): CodeIgniter\CodeIgniter->run()
12 SYSTEMPATH\Commands\Server\rewrite.php(47): require_once('C:\\xampp\\htdocs\\ci-news\\public\\index.php')
CRITICAL - 2024-04-03 03:57:59 --> ErrorException: Undefined array key "id"
in APPPATH\Views\v_barang.php on line 35.
 1 APPPATH\Views\v_barang.php(35): CodeIgniter\Debug\Exceptions->errorHandler(2, 'Undefined array key "id"', 'C:\\xampp\\htdocs\\ci-news\\app\\Views\\v_barang.php', 35)
 2 SYSTEMPATH\View\View.php(228): include('C:\\xampp\\htdocs\\ci-news\\app\\Views\\v_barang.php')
 3 SYSTEMPATH\View\View.php(231): CodeIgniter\View\View->CodeIgniter\View\{closure}()
 4 SYSTEMPATH\Common.php(1178): CodeIgniter\View\View->render('v_barang', [], true)
 5 APPPATH\Controllers\Barang.php(15): view('v_barang', [...])
 6 SYSTEMPATH\CodeIgniter.php(941): App\Controllers\Barang->display()
 7 SYSTEMPATH\CodeIgniter.php(502): CodeIgniter\CodeIgniter->runController(Object(App\Controllers\Barang))
 8 SYSTEMPATH\CodeIgniter.php(361): CodeIgniter\CodeIgniter->handleRequest(null, Object(Config\Cache), false)
 9 FCPATH\index.php(79): CodeIgniter\CodeIgniter->run()
10 SYSTEMPATH\Commands\Server\rewrite.php(47): require_once('C:\\xampp\\htdocs\\ci-news\\public\\index.php')
CRITICAL - 2024-04-03 03:59:00 --> ErrorException: Undefined array key "id"
in APPPATH\Views\v_barang.php on line 36.
 1 APPPATH\Views\v_barang.php(36): CodeIgniter\Debug\Exceptions->errorHandler(2, 'Undefined array key "id"', 'C:\\xampp\\htdocs\\ci-news\\app\\Views\\v_barang.php', 36)
 2 SYSTEMPATH\View\View.php(228): include('C:\\xampp\\htdocs\\ci-news\\app\\Views\\v_barang.php')
 3 SYSTEMPATH\View\View.php(231): CodeIgniter\View\View->CodeIgniter\View\{closure}()
 4 SYSTEMPATH\Common.php(1178): CodeIgniter\View\View->render('v_barang', [], true)
 5 APPPATH\Controllers\Barang.php(15): view('v_barang', [...])
 6 SYSTEMPATH\CodeIgniter.php(941): App\Controllers\Barang->display()
 7 SYSTEMPATH\CodeIgniter.php(502): CodeIgniter\CodeIgniter->runController(Object(App\Controllers\Barang))
 8 SYSTEMPATH\CodeIgniter.php(361): CodeIgniter\CodeIgniter->handleRequest(null, Object(Config\Cache), false)
 9 FCPATH\index.php(79): CodeIgniter\CodeIgniter->run()
10 SYSTEMPATH\Commands\Server\rewrite.php(47): require_once('C:\\xampp\\htdocs\\ci-news\\public\\index.php')
CRITICAL - 2024-04-03 04:01:20 --> ErrorException: Undefined array key "id"
in APPPATH\Views\v_barang.php on line 33.
 1 APPPATH\Views\v_barang.php(33): CodeIgniter\Debug\Exceptions->errorHandler(2, 'Undefined array key "id"', 'C:\\xampp\\htdocs\\ci-news\\app\\Views\\v_barang.php', 33)
 2 SYSTEMPATH\View\View.php(228): include('C:\\xampp\\htdocs\\ci-news\\app\\Views\\v_barang.php')
 3 SYSTEMPATH\View\View.php(231): CodeIgniter\View\View->CodeIgniter\View\{closure}()
 4 SYSTEMPATH\Common.php(1178): CodeIgniter\View\View->render('v_barang', [], true)
 5 APPPATH\Controllers\Barang.php(15): view('v_barang', [...])
 6 SYSTEMPATH\CodeIgniter.php(941): App\Controllers\Barang->display()
 7 SYSTEMPATH\CodeIgniter.php(502): CodeIgniter\CodeIgniter->runController(Object(App\Controllers\Barang))
 8 SYSTEMPATH\CodeIgniter.php(361): CodeIgniter\CodeIgniter->handleRequest(null, Object(Config\Cache), false)
 9 FCPATH\index.php(79): CodeIgniter\CodeIgniter->run()
10 SYSTEMPATH\Commands\Server\rewrite.php(47): require_once('C:\\xampp\\htdocs\\ci-news\\public\\index.php')
CRITICAL - 2024-04-03 04:03:47 --> ErrorException: Undefined array key "id"
in APPPATH\Views\v_barang.php on line 33.
 1 APPPATH\Views\v_barang.php(33): CodeIgniter\Debug\Exceptions->errorHandler(2, 'Undefined array key "id"', 'C:\\xampp\\htdocs\\ci-news\\app\\Views\\v_barang.php', 33)
 2 SYSTEMPATH\View\View.php(228): include('C:\\xampp\\htdocs\\ci-news\\app\\Views\\v_barang.php')
 3 SYSTEMPATH\View\View.php(231): CodeIgniter\View\View->CodeIgniter\View\{closure}()
 4 SYSTEMPATH\Common.php(1178): CodeIgniter\View\View->render('v_barang', [], true)
 5 APPPATH\Controllers\Barang.php(15): view('v_barang', [...])
 6 SYSTEMPATH\CodeIgniter.php(941): App\Controllers\Barang->display()
 7 SYSTEMPATH\CodeIgniter.php(502): CodeIgniter\CodeIgniter->runController(Object(App\Controllers\Barang))
 8 SYSTEMPATH\CodeIgniter.php(361): CodeIgniter\CodeIgniter->handleRequest(null, Object(Config\Cache), false)
 9 FCPATH\index.php(79): CodeIgniter\CodeIgniter->run()
10 SYSTEMPATH\Commands\Server\rewrite.php(47): require_once('C:\\xampp\\htdocs\\ci-news\\public\\index.php')
CRITICAL - 2024-04-03 04:03:49 --> ErrorException: Undefined array key "id"
in APPPATH\Views\v_barang.php on line 33.
 1 APPPATH\Views\v_barang.php(33): CodeIgniter\Debug\Exceptions->errorHandler(2, 'Undefined array key "id"', 'C:\\xampp\\htdocs\\ci-news\\app\\Views\\v_barang.php', 33)
 2 SYSTEMPATH\View\View.php(228): include('C:\\xampp\\htdocs\\ci-news\\app\\Views\\v_barang.php')
 3 SYSTEMPATH\View\View.php(231): CodeIgniter\View\View->CodeIgniter\View\{closure}()
 4 SYSTEMPATH\Common.php(1178): CodeIgniter\View\View->render('v_barang', [], true)
 5 APPPATH\Controllers\Barang.php(15): view('v_barang', [...])
 6 SYSTEMPATH\CodeIgniter.php(941): App\Controllers\Barang->display()
 7 SYSTEMPATH\CodeIgniter.php(502): CodeIgniter\CodeIgniter->runController(Object(App\Controllers\Barang))
 8 SYSTEMPATH\CodeIgniter.php(361): CodeIgniter\CodeIgniter->handleRequest(null, Object(Config\Cache), false)
 9 FCPATH\index.php(79): CodeIgniter\CodeIgniter->run()
10 SYSTEMPATH\Commands\Server\rewrite.php(47): require_once('C:\\xampp\\htdocs\\ci-news\\public\\index.php')
CRITICAL - 2024-04-03 04:04:39 --> ErrorException: Undefined array key "id"
in APPPATH\Views\v_barang.php on line 33.
 1 APPPATH\Views\v_barang.php(33): CodeIgniter\Debug\Exceptions->errorHandler(2, 'Undefined array key "id"', 'C:\\xampp\\htdocs\\ci-news\\app\\Views\\v_barang.php', 33)
 2 SYSTEMPATH\View\View.php(228): include('C:\\xampp\\htdocs\\ci-news\\app\\Views\\v_barang.php')
 3 SYSTEMPATH\View\View.php(231): CodeIgniter\View\View->CodeIgniter\View\{closure}()
 4 SYSTEMPATH\Common.php(1178): CodeIgniter\View\View->render('v_barang', [], true)
 5 APPPATH\Controllers\Barang.php(15): view('v_barang', [...])
 6 SYSTEMPATH\CodeIgniter.php(941): App\Controllers\Barang->display()
 7 SYSTEMPATH\CodeIgniter.php(502): CodeIgniter\CodeIgniter->runController(Object(App\Controllers\Barang))
 8 SYSTEMPATH\CodeIgniter.php(361): CodeIgniter\CodeIgniter->handleRequest(null, Object(Config\Cache), false)
 9 FCPATH\index.php(79): CodeIgniter\CodeIgniter->run()
10 SYSTEMPATH\Commands\Server\rewrite.php(47): require_once('C:\\xampp\\htdocs\\ci-news\\public\\index.php')
CRITICAL - 2024-04-03 04:04:41 --> ErrorException: Undefined array key "id"
in APPPATH\Views\v_barang.php on line 33.
 1 APPPATH\Views\v_barang.php(33): CodeIgniter\Debug\Exceptions->errorHandler(2, 'Undefined array key "id"', 'C:\\xampp\\htdocs\\ci-news\\app\\Views\\v_barang.php', 33)
 2 SYSTEMPATH\View\View.php(228): include('C:\\xampp\\htdocs\\ci-news\\app\\Views\\v_barang.php')
 3 SYSTEMPATH\View\View.php(231): CodeIgniter\View\View->CodeIgniter\View\{closure}()
 4 SYSTEMPATH\Common.php(1178): CodeIgniter\View\View->render('v_barang', [], true)
 5 APPPATH\Controllers\Barang.php(15): view('v_barang', [...])
 6 SYSTEMPATH\CodeIgniter.php(941): App\Controllers\Barang->display()
 7 SYSTEMPATH\CodeIgniter.php(502): CodeIgniter\CodeIgniter->runController(Object(App\Controllers\Barang))
 8 SYSTEMPATH\CodeIgniter.php(361): CodeIgniter\CodeIgniter->handleRequest(null, Object(Config\Cache), false)
 9 FCPATH\index.php(79): CodeIgniter\CodeIgniter->run()
10 SYSTEMPATH\Commands\Server\rewrite.php(47): require_once('C:\\xampp\\htdocs\\ci-news\\public\\index.php')
CRITICAL - 2024-04-03 04:06:12 --> ErrorException: Undefined array key "id"
in APPPATH\Views\v_barang.php on line 33.
 1 APPPATH\Views\v_barang.php(33): CodeIgniter\Debug\Exceptions->errorHandler(2, 'Undefined array key "id"', 'C:\\xampp\\htdocs\\ci-news\\app\\Views\\v_barang.php', 33)
 2 SYSTEMPATH\View\View.php(228): include('C:\\xampp\\htdocs\\ci-news\\app\\Views\\v_barang.php')
 3 SYSTEMPATH\View\View.php(231): CodeIgniter\View\View->CodeIgniter\View\{closure}()
 4 SYSTEMPATH\Common.php(1178): CodeIgniter\View\View->render('v_barang', [], true)
 5 APPPATH\Controllers\Barang.php(14): view('v_barang', [...])
 6 SYSTEMPATH\CodeIgniter.php(941): App\Controllers\Barang->display()
 7 SYSTEMPATH\CodeIgniter.php(502): CodeIgniter\CodeIgniter->runController(Object(App\Controllers\Barang))
 8 SYSTEMPATH\CodeIgniter.php(361): CodeIgniter\CodeIgniter->handleRequest(null, Object(Config\Cache), false)
 9 FCPATH\index.php(79): CodeIgniter\CodeIgniter->run()
10 SYSTEMPATH\Commands\Server\rewrite.php(47): require_once('C:\\xampp\\htdocs\\ci-news\\public\\index.php')
CRITICAL - 2024-04-03 04:06:13 --> ErrorException: Undefined array key "id"
in APPPATH\Views\v_barang.php on line 33.
 1 APPPATH\Views\v_barang.php(33): CodeIgniter\Debug\Exceptions->errorHandler(2, 'Undefined array key "id"', 'C:\\xampp\\htdocs\\ci-news\\app\\Views\\v_barang.php', 33)
 2 SYSTEMPATH\View\View.php(228): include('C:\\xampp\\htdocs\\ci-news\\app\\Views\\v_barang.php')
 3 SYSTEMPATH\View\View.php(231): CodeIgniter\View\View->CodeIgniter\View\{closure}()
 4 SYSTEMPATH\Common.php(1178): CodeIgniter\View\View->render('v_barang', [], true)
 5 APPPATH\Controllers\Barang.php(14): view('v_barang', [...])
 6 SYSTEMPATH\CodeIgniter.php(941): App\Controllers\Barang->display()
 7 SYSTEMPATH\CodeIgniter.php(502): CodeIgniter\CodeIgniter->runController(Object(App\Controllers\Barang))
 8 SYSTEMPATH\CodeIgniter.php(361): CodeIgniter\CodeIgniter->handleRequest(null, Object(Config\Cache), false)
 9 FCPATH\index.php(79): CodeIgniter\CodeIgniter->run()
10 SYSTEMPATH\Commands\Server\rewrite.php(47): require_once('C:\\xampp\\htdocs\\ci-news\\public\\index.php')
CRITICAL - 2024-04-03 04:29:30 --> Error: Interface "CodeIgniter\Routing\RouteCollectionInterface" not found
in APPPATH\Config\Routes.php on line 8.
 1 SYSTEMPATH\Router\RouteCollection.php(345): require()
 2 SYSTEMPATH\CodeIgniter.php(810): CodeIgniter\Router\RouteCollection->loadRoutes()
 3 SYSTEMPATH\CodeIgniter.php(450): CodeIgniter\CodeIgniter->tryToRouteIt(null)
 4 SYSTEMPATH\CodeIgniter.php(361): CodeIgniter\CodeIgniter->handleRequest(null, Object(Config\Cache), false)
 5 FCPATH\index.php(79): CodeIgniter\CodeIgniter->run()
 6 SYSTEMPATH\Commands\Server\rewrite.php(47): require_once('C:\\xampp\\htdocs\\ci-news\\public\\index.php')
CRITICAL - 2024-04-03 04:29:35 --> Error: Interface "CodeIgniter\Routing\RouteCollectionInterface" not found
in APPPATH\Config\Routes.php on line 8.
 1 SYSTEMPATH\Router\RouteCollection.php(345): require()
 2 SYSTEMPATH\CodeIgniter.php(810): CodeIgniter\Router\RouteCollection->loadRoutes()
 3 SYSTEMPATH\CodeIgniter.php(450): CodeIgniter\CodeIgniter->tryToRouteIt(null)
 4 SYSTEMPATH\CodeIgniter.php(361): CodeIgniter\CodeIgniter->handleRequest(null, Object(Config\Cache), false)
 5 FCPATH\index.php(79): CodeIgniter\CodeIgniter->run()
 6 SYSTEMPATH\Commands\Server\rewrite.php(47): require_once('C:\\xampp\\htdocs\\ci-news\\public\\index.php')
ERROR - 2024-04-03 04:36:58 --> mysqli_sql_exception: Unknown column 'barang.id' in 'where clause' in C:\xampp\htdocs\ci-news\system\Database\MySQLi\Connection.php:306
Stack trace:
#0 C:\xampp\htdocs\ci-news\system\Database\MySQLi\Connection.php(306): mysqli->query('SELECT *\nFROM `...', 0)
#1 C:\xampp\htdocs\ci-news\system\Database\BaseConnection.php(693): CodeIgniter\Database\MySQLi\Connection->execute('SELECT *\nFROM `...')
#2 C:\xampp\htdocs\ci-news\system\Database\BaseConnection.php(607): CodeIgniter\Database\BaseConnection->simpleQuery('SELECT *\nFROM `...')
#3 C:\xampp\htdocs\ci-news\system\Database\BaseBuilder.php(1616): CodeIgniter\Database\BaseConnection->query('SELECT *\nFROM `...', Array, false)
#4 C:\xampp\htdocs\ci-news\system\Model.php(199): CodeIgniter\Database\BaseBuilder->get()
#5 C:\xampp\htdocs\ci-news\system\BaseModel.php(577): CodeIgniter\Model->doFind(true, 'B001')
#6 C:\xampp\htdocs\ci-news\app\Controllers\Barang.php(30): CodeIgniter\BaseModel->find('B001')
#7 C:\xampp\htdocs\ci-news\system\CodeIgniter.php(941): App\Controllers\Barang->view('B001')
#8 C:\xampp\htdocs\ci-news\system\CodeIgniter.php(502): CodeIgniter\CodeIgniter->runController(Object(App\Controllers\Barang))
#9 C:\xampp\htdocs\ci-news\system\CodeIgniter.php(361): CodeIgniter\CodeIgniter->handleRequest(NULL, Object(Config\Cache), false)
#10 C:\xampp\htdocs\ci-news\public\index.php(79): CodeIgniter\CodeIgniter->run()
#11 C:\xampp\htdocs\ci-news\system\Commands\Server\rewrite.php(47): require_once('C:\\xampp\\htdocs...')
#12 {main}
CRITICAL - 2024-04-03 04:36:58 --> CodeIgniter\Database\Exceptions\DatabaseException: Unknown column 'barang.id' in 'where clause'
in SYSTEMPATH\Database\BaseConnection.php on line 647.
 1 SYSTEMPATH\Database\BaseBuilder.php(1616): CodeIgniter\Database\BaseConnection->query('SELECT *
FROM `barang`
WHERE `barang`.`id` = :barang.id:', [...], false)
 2 SYSTEMPATH\Model.php(199): CodeIgniter\Database\BaseBuilder->get()
 3 SYSTEMPATH\BaseModel.php(577): CodeIgniter\Model->doFind(true, 'B001')
 4 APPPATH\Controllers\Barang.php(30): CodeIgniter\BaseModel->find('B001')
 5 SYSTEMPATH\CodeIgniter.php(941): App\Controllers\Barang->view('B001')
 6 SYSTEMPATH\CodeIgniter.php(502): CodeIgniter\CodeIgniter->runController(Object(App\Controllers\Barang))
 7 SYSTEMPATH\CodeIgniter.php(361): CodeIgniter\CodeIgniter->handleRequest(null, Object(Config\Cache), false)
 8 FCPATH\index.php(79): CodeIgniter\CodeIgniter->run()
 9 SYSTEMPATH\Commands\Server\rewrite.php(47): require_once('C:\\xampp\\htdocs\\ci-news\\public\\index.php')
CRITICAL - 2024-04-03 04:36:58 --> [Caused by] CodeIgniter\Database\Exceptions\DatabaseException: Unknown column 'barang.id' in 'where clause'
in SYSTEMPATH\Database\MySQLi\Connection.php on line 311.
 1 SYSTEMPATH\Database\BaseConnection.php(693): CodeIgniter\Database\MySQLi\Connection->execute('SELECT *
FROM `barang`
WHERE `barang`.`id` = \'B001\'')
 2 SYSTEMPATH\Database\BaseConnection.php(607): CodeIgniter\Database\BaseConnection->simpleQuery('SELECT *
FROM `barang`
WHERE `barang`.`id` = \'B001\'')
 3 SYSTEMPATH\Database\BaseBuilder.php(1616): CodeIgniter\Database\BaseConnection->query('SELECT *
FROM `barang`
WHERE `barang`.`id` = :barang.id:', [...], false)
 4 SYSTEMPATH\Model.php(199): CodeIgniter\Database\BaseBuilder->get()
 5 SYSTEMPATH\BaseModel.php(577): CodeIgniter\Model->doFind(true, 'B001')
 6 APPPATH\Controllers\Barang.php(30): CodeIgniter\BaseModel->find('B001')
 7 SYSTEMPATH\CodeIgniter.php(941): App\Controllers\Barang->view('B001')
 8 SYSTEMPATH\CodeIgniter.php(502): CodeIgniter\CodeIgniter->runController(Object(App\Controllers\Barang))
 9 SYSTEMPATH\CodeIgniter.php(361): CodeIgniter\CodeIgniter->handleRequest(null, Object(Config\Cache), false)
10 FCPATH\index.php(79): CodeIgniter\CodeIgniter->run()
11 SYSTEMPATH\Commands\Server\rewrite.php(47): require_once('C:\\xampp\\htdocs\\ci-news\\public\\index.php')
CRITICAL - 2024-04-03 04:36:58 --> [Caused by] mysqli_sql_exception: Unknown column 'barang.id' in 'where clause'
in SYSTEMPATH\Database\MySQLi\Connection.php on line 306.
 1 SYSTEMPATH\Database\MySQLi\Connection.php(306): mysqli->query('SELECT *
FROM `barang`
WHERE `barang`.`id` = \'B001\'', 0)
 2 SYSTEMPATH\Database\BaseConnection.php(693): CodeIgniter\Database\MySQLi\Connection->execute('SELECT *
FROM `barang`
WHERE `barang`.`id` = \'B001\'')
 3 SYSTEMPATH\Database\BaseConnection.php(607): CodeIgniter\Database\BaseConnection->simpleQuery('SELECT *
FROM `barang`
WHERE `barang`.`id` = \'B001\'')
 4 SYSTEMPATH\Database\BaseBuilder.php(1616): CodeIgniter\Database\BaseConnection->query('SELECT *
FROM `barang`
WHERE `barang`.`id` = :barang.id:', [...], false)
 5 SYSTEMPATH\Model.php(199): CodeIgniter\Database\BaseBuilder->get()
 6 SYSTEMPATH\BaseModel.php(577): CodeIgniter\Model->doFind(true, 'B001')
 7 APPPATH\Controllers\Barang.php(30): CodeIgniter\BaseModel->find('B001')
 8 SYSTEMPATH\CodeIgniter.php(941): App\Controllers\Barang->view('B001')
 9 SYSTEMPATH\CodeIgniter.php(502): CodeIgniter\CodeIgniter->runController(Object(App\Controllers\Barang))
10 SYSTEMPATH\CodeIgniter.php(361): CodeIgniter\CodeIgniter->handleRequest(null, Object(Config\Cache), false)
11 FCPATH\index.php(79): CodeIgniter\CodeIgniter->run()
12 SYSTEMPATH\Commands\Server\rewrite.php(47): require_once('C:\\xampp\\htdocs\\ci-news\\public\\index.php')
ERROR - 2024-04-03 04:39:17 --> mysqli_sql_exception: Unknown column 'barang.id' in 'where clause' in C:\xampp\htdocs\ci-news\system\Database\MySQLi\Connection.php:306
Stack trace:
#0 C:\xampp\htdocs\ci-news\system\Database\MySQLi\Connection.php(306): mysqli->query('SELECT *\nFROM `...', 0)
#1 C:\xampp\htdocs\ci-news\system\Database\BaseConnection.php(693): CodeIgniter\Database\MySQLi\Connection->execute('SELECT *\nFROM `...')
#2 C:\xampp\htdocs\ci-news\system\Database\BaseConnection.php(607): CodeIgniter\Database\BaseConnection->simpleQuery('SELECT *\nFROM `...')
#3 C:\xampp\htdocs\ci-news\system\Database\BaseBuilder.php(1616): CodeIgniter\Database\BaseConnection->query('SELECT *\nFROM `...', Array, false)
#4 C:\xampp\htdocs\ci-news\system\Model.php(199): CodeIgniter\Database\BaseBuilder->get()
#5 C:\xampp\htdocs\ci-news\system\BaseModel.php(577): CodeIgniter\Model->doFind(true, 'B001')
#6 C:\xampp\htdocs\ci-news\app\Controllers\Barang.php(30): CodeIgniter\BaseModel->find('B001')
#7 C:\xampp\htdocs\ci-news\system\CodeIgniter.php(941): App\Controllers\Barang->view('B001')
#8 C:\xampp\htdocs\ci-news\system\CodeIgniter.php(502): CodeIgniter\CodeIgniter->runController(Object(App\Controllers\Barang))
#9 C:\xampp\htdocs\ci-news\system\CodeIgniter.php(361): CodeIgniter\CodeIgniter->handleRequest(NULL, Object(Config\Cache), false)
#10 C:\xampp\htdocs\ci-news\public\index.php(79): CodeIgniter\CodeIgniter->run()
#11 C:\xampp\htdocs\ci-news\system\Commands\Server\rewrite.php(47): require_once('C:\\xampp\\htdocs...')
#12 {main}
CRITICAL - 2024-04-03 04:39:17 --> CodeIgniter\Database\Exceptions\DatabaseException: Unknown column 'barang.id' in 'where clause'
in SYSTEMPATH\Database\BaseConnection.php on line 647.
 1 SYSTEMPATH\Database\BaseBuilder.php(1616): CodeIgniter\Database\BaseConnection->query('SELECT *
FROM `barang`
WHERE `barang`.`id` = :barang.id:', [...], false)
 2 SYSTEMPATH\Model.php(199): CodeIgniter\Database\BaseBuilder->get()
 3 SYSTEMPATH\BaseModel.php(577): CodeIgniter\Model->doFind(true, 'B001')
 4 APPPATH\Controllers\Barang.php(30): CodeIgniter\BaseModel->find('B001')
 5 SYSTEMPATH\CodeIgniter.php(941): App\Controllers\Barang->view('B001')
 6 SYSTEMPATH\CodeIgniter.php(502): CodeIgniter\CodeIgniter->runController(Object(App\Controllers\Barang))
 7 SYSTEMPATH\CodeIgniter.php(361): CodeIgniter\CodeIgniter->handleRequest(null, Object(Config\Cache), false)
 8 FCPATH\index.php(79): CodeIgniter\CodeIgniter->run()
 9 SYSTEMPATH\Commands\Server\rewrite.php(47): require_once('C:\\xampp\\htdocs\\ci-news\\public\\index.php')
CRITICAL - 2024-04-03 04:39:17 --> [Caused by] CodeIgniter\Database\Exceptions\DatabaseException: Unknown column 'barang.id' in 'where clause'
in SYSTEMPATH\Database\MySQLi\Connection.php on line 311.
 1 SYSTEMPATH\Database\BaseConnection.php(693): CodeIgniter\Database\MySQLi\Connection->execute('SELECT *
FROM `barang`
WHERE `barang`.`id` = \'B001\'')
 2 SYSTEMPATH\Database\BaseConnection.php(607): CodeIgniter\Database\BaseConnection->simpleQuery('SELECT *
FROM `barang`
WHERE `barang`.`id` = \'B001\'')
 3 SYSTEMPATH\Database\BaseBuilder.php(1616): CodeIgniter\Database\BaseConnection->query('SELECT *
FROM `barang`
WHERE `barang`.`id` = :barang.id:', [...], false)
 4 SYSTEMPATH\Model.php(199): CodeIgniter\Database\BaseBuilder->get()
 5 SYSTEMPATH\BaseModel.php(577): CodeIgniter\Model->doFind(true, 'B001')
 6 APPPATH\Controllers\Barang.php(30): CodeIgniter\BaseModel->find('B001')
 7 SYSTEMPATH\CodeIgniter.php(941): App\Controllers\Barang->view('B001')
 8 SYSTEMPATH\CodeIgniter.php(502): CodeIgniter\CodeIgniter->runController(Object(App\Controllers\Barang))
 9 SYSTEMPATH\CodeIgniter.php(361): CodeIgniter\CodeIgniter->handleRequest(null, Object(Config\Cache), false)
10 FCPATH\index.php(79): CodeIgniter\CodeIgniter->run()
11 SYSTEMPATH\Commands\Server\rewrite.php(47): require_once('C:\\xampp\\htdocs\\ci-news\\public\\index.php')
CRITICAL - 2024-04-03 04:39:17 --> [Caused by] mysqli_sql_exception: Unknown column 'barang.id' in 'where clause'
in SYSTEMPATH\Database\MySQLi\Connection.php on line 306.
 1 SYSTEMPATH\Database\MySQLi\Connection.php(306): mysqli->query('SELECT *
FROM `barang`
WHERE `barang`.`id` = \'B001\'', 0)
 2 SYSTEMPATH\Database\BaseConnection.php(693): CodeIgniter\Database\MySQLi\Connection->execute('SELECT *
FROM `barang`
WHERE `barang`.`id` = \'B001\'')
 3 SYSTEMPATH\Database\BaseConnection.php(607): CodeIgniter\Database\BaseConnection->simpleQuery('SELECT *
FROM `barang`
WHERE `barang`.`id` = \'B001\'')
 4 SYSTEMPATH\Database\BaseBuilder.php(1616): CodeIgniter\Database\BaseConnection->query('SELECT *
FROM `barang`
WHERE `barang`.`id` = :barang.id:', [...], false)
 5 SYSTEMPATH\Model.php(199): CodeIgniter\Database\BaseBuilder->get()
 6 SYSTEMPATH\BaseModel.php(577): CodeIgniter\Model->doFind(true, 'B001')
 7 APPPATH\Controllers\Barang.php(30): CodeIgniter\BaseModel->find('B001')
 8 SYSTEMPATH\CodeIgniter.php(941): App\Controllers\Barang->view('B001')
 9 SYSTEMPATH\CodeIgniter.php(502): CodeIgniter\CodeIgniter->runController(Object(App\Controllers\Barang))
10 SYSTEMPATH\CodeIgniter.php(361): CodeIgniter\CodeIgniter->handleRequest(null, Object(Config\Cache), false)
11 FCPATH\index.php(79): CodeIgniter\CodeIgniter->run()
12 SYSTEMPATH\Commands\Server\rewrite.php(47): require_once('C:\\xampp\\htdocs\\ci-news\\public\\index.php')
ERROR - 2024-04-03 04:39:57 --> mysqli_sql_exception: Unknown column 'barang.id' in 'where clause' in C:\xampp\htdocs\ci-news\system\Database\MySQLi\Connection.php:306
Stack trace:
#0 C:\xampp\htdocs\ci-news\system\Database\MySQLi\Connection.php(306): mysqli->query('SELECT *\nFROM `...', 0)
#1 C:\xampp\htdocs\ci-news\system\Database\BaseConnection.php(693): CodeIgniter\Database\MySQLi\Connection->execute('SELECT *\nFROM `...')
#2 C:\xampp\htdocs\ci-news\system\Database\BaseConnection.php(607): CodeIgniter\Database\BaseConnection->simpleQuery('SELECT *\nFROM `...')
#3 C:\xampp\htdocs\ci-news\system\Database\BaseBuilder.php(1616): CodeIgniter\Database\BaseConnection->query('SELECT *\nFROM `...', Array, false)
#4 C:\xampp\htdocs\ci-news\system\Model.php(199): CodeIgniter\Database\BaseBuilder->get()
#5 C:\xampp\htdocs\ci-news\system\BaseModel.php(577): CodeIgniter\Model->doFind(true, 'B001')
#6 C:\xampp\htdocs\ci-news\app\Controllers\Barang.php(30): CodeIgniter\BaseModel->find('B001')
#7 C:\xampp\htdocs\ci-news\system\CodeIgniter.php(941): App\Controllers\Barang->view('B001')
#8 C:\xampp\htdocs\ci-news\system\CodeIgniter.php(502): CodeIgniter\CodeIgniter->runController(Object(App\Controllers\Barang))
#9 C:\xampp\htdocs\ci-news\system\CodeIgniter.php(361): CodeIgniter\CodeIgniter->handleRequest(NULL, Object(Config\Cache), false)
#10 C:\xampp\htdocs\ci-news\public\index.php(79): CodeIgniter\CodeIgniter->run()
#11 C:\xampp\htdocs\ci-news\system\Commands\Server\rewrite.php(47): require_once('C:\\xampp\\htdocs...')
#12 {main}
CRITICAL - 2024-04-03 04:39:57 --> CodeIgniter\Database\Exceptions\DatabaseException: Unknown column 'barang.id' in 'where clause'
in SYSTEMPATH\Database\BaseConnection.php on line 647.
 1 SYSTEMPATH\Database\BaseBuilder.php(1616): CodeIgniter\Database\BaseConnection->query('SELECT *
FROM `barang`
WHERE `barang`.`id` = :barang.id:', [...], false)
 2 SYSTEMPATH\Model.php(199): CodeIgniter\Database\BaseBuilder->get()
 3 SYSTEMPATH\BaseModel.php(577): CodeIgniter\Model->doFind(true, 'B001')
 4 APPPATH\Controllers\Barang.php(30): CodeIgniter\BaseModel->find('B001')
 5 SYSTEMPATH\CodeIgniter.php(941): App\Controllers\Barang->view('B001')
 6 SYSTEMPATH\CodeIgniter.php(502): CodeIgniter\CodeIgniter->runController(Object(App\Controllers\Barang))
 7 SYSTEMPATH\CodeIgniter.php(361): CodeIgniter\CodeIgniter->handleRequest(null, Object(Config\Cache), false)
 8 FCPATH\index.php(79): CodeIgniter\CodeIgniter->run()
 9 SYSTEMPATH\Commands\Server\rewrite.php(47): require_once('C:\\xampp\\htdocs\\ci-news\\public\\index.php')
CRITICAL - 2024-04-03 04:39:57 --> [Caused by] CodeIgniter\Database\Exceptions\DatabaseException: Unknown column 'barang.id' in 'where clause'
in SYSTEMPATH\Database\MySQLi\Connection.php on line 311.
 1 SYSTEMPATH\Database\BaseConnection.php(693): CodeIgniter\Database\MySQLi\Connection->execute('SELECT *
FROM `barang`
WHERE `barang`.`id` = \'B001\'')
 2 SYSTEMPATH\Database\BaseConnection.php(607): CodeIgniter\Database\BaseConnection->simpleQuery('SELECT *
FROM `barang`
WHERE `barang`.`id` = \'B001\'')
 3 SYSTEMPATH\Database\BaseBuilder.php(1616): CodeIgniter\Database\BaseConnection->query('SELECT *
FROM `barang`
WHERE `barang`.`id` = :barang.id:', [...], false)
 4 SYSTEMPATH\Model.php(199): CodeIgniter\Database\BaseBuilder->get()
 5 SYSTEMPATH\BaseModel.php(577): CodeIgniter\Model->doFind(true, 'B001')
 6 APPPATH\Controllers\Barang.php(30): CodeIgniter\BaseModel->find('B001')
 7 SYSTEMPATH\CodeIgniter.php(941): App\Controllers\Barang->view('B001')
 8 SYSTEMPATH\CodeIgniter.php(502): CodeIgniter\CodeIgniter->runController(Object(App\Controllers\Barang))
 9 SYSTEMPATH\CodeIgniter.php(361): CodeIgniter\CodeIgniter->handleRequest(null, Object(Config\Cache), false)
10 FCPATH\index.php(79): CodeIgniter\CodeIgniter->run()
11 SYSTEMPATH\Commands\Server\rewrite.php(47): require_once('C:\\xampp\\htdocs\\ci-news\\public\\index.php')
CRITICAL - 2024-04-03 04:39:57 --> [Caused by] mysqli_sql_exception: Unknown column 'barang.id' in 'where clause'
in SYSTEMPATH\Database\MySQLi\Connection.php on line 306.
 1 SYSTEMPATH\Database\MySQLi\Connection.php(306): mysqli->query('SELECT *
FROM `barang`
WHERE `barang`.`id` = \'B001\'', 0)
 2 SYSTEMPATH\Database\BaseConnection.php(693): CodeIgniter\Database\MySQLi\Connection->execute('SELECT *
FROM `barang`
WHERE `barang`.`id` = \'B001\'')
 3 SYSTEMPATH\Database\BaseConnection.php(607): CodeIgniter\Database\BaseConnection->simpleQuery('SELECT *
FROM `barang`
WHERE `barang`.`id` = \'B001\'')
 4 SYSTEMPATH\Database\BaseBuilder.php(1616): CodeIgniter\Database\BaseConnection->query('SELECT *
FROM `barang`
WHERE `barang`.`id` = :barang.id:', [...], false)
 5 SYSTEMPATH\Model.php(199): CodeIgniter\Database\BaseBuilder->get()
 6 SYSTEMPATH\BaseModel.php(577): CodeIgniter\Model->doFind(true, 'B001')
 7 APPPATH\Controllers\Barang.php(30): CodeIgniter\BaseModel->find('B001')
 8 SYSTEMPATH\CodeIgniter.php(941): App\Controllers\Barang->view('B001')
 9 SYSTEMPATH\CodeIgniter.php(502): CodeIgniter\CodeIgniter->runController(Object(App\Controllers\Barang))
10 SYSTEMPATH\CodeIgniter.php(361): CodeIgniter\CodeIgniter->handleRequest(null, Object(Config\Cache), false)
11 FCPATH\index.php(79): CodeIgniter\CodeIgniter->run()
12 SYSTEMPATH\Commands\Server\rewrite.php(47): require_once('C:\\xampp\\htdocs\\ci-news\\public\\index.php')
ERROR - 2024-04-03 04:40:41 --> mysqli_sql_exception: Unknown column 'barang.id' in 'where clause' in C:\xampp\htdocs\ci-news\system\Database\MySQLi\Connection.php:306
Stack trace:
#0 C:\xampp\htdocs\ci-news\system\Database\MySQLi\Connection.php(306): mysqli->query('SELECT *\nFROM `...', 0)
#1 C:\xampp\htdocs\ci-news\system\Database\BaseConnection.php(693): CodeIgniter\Database\MySQLi\Connection->execute('SELECT *\nFROM `...')
#2 C:\xampp\htdocs\ci-news\system\Database\BaseConnection.php(607): CodeIgniter\Database\BaseConnection->simpleQuery('SELECT *\nFROM `...')
#3 C:\xampp\htdocs\ci-news\system\Database\BaseBuilder.php(1616): CodeIgniter\Database\BaseConnection->query('SELECT *\nFROM `...', Array, false)
#4 C:\xampp\htdocs\ci-news\system\Model.php(199): CodeIgniter\Database\BaseBuilder->get()
#5 C:\xampp\htdocs\ci-news\system\BaseModel.php(577): CodeIgniter\Model->doFind(true, 'B001')
#6 C:\xampp\htdocs\ci-news\app\Controllers\Barang.php(30): CodeIgniter\BaseModel->find('B001')
#7 C:\xampp\htdocs\ci-news\system\CodeIgniter.php(941): App\Controllers\Barang->view('B001')
#8 C:\xampp\htdocs\ci-news\system\CodeIgniter.php(502): CodeIgniter\CodeIgniter->runController(Object(App\Controllers\Barang))
#9 C:\xampp\htdocs\ci-news\system\CodeIgniter.php(361): CodeIgniter\CodeIgniter->handleRequest(NULL, Object(Config\Cache), false)
#10 C:\xampp\htdocs\ci-news\public\index.php(79): CodeIgniter\CodeIgniter->run()
#11 C:\xampp\htdocs\ci-news\system\Commands\Server\rewrite.php(47): require_once('C:\\xampp\\htdocs...')
#12 {main}
CRITICAL - 2024-04-03 04:40:41 --> CodeIgniter\Database\Exceptions\DatabaseException: Unknown column 'barang.id' in 'where clause'
in SYSTEMPATH\Database\BaseConnection.php on line 647.
 1 SYSTEMPATH\Database\BaseBuilder.php(1616): CodeIgniter\Database\BaseConnection->query('SELECT *
FROM `barang`
WHERE `barang`.`id` = :barang.id:', [...], false)
 2 SYSTEMPATH\Model.php(199): CodeIgniter\Database\BaseBuilder->get()
 3 SYSTEMPATH\BaseModel.php(577): CodeIgniter\Model->doFind(true, 'B001')
 4 APPPATH\Controllers\Barang.php(30): CodeIgniter\BaseModel->find('B001')
 5 SYSTEMPATH\CodeIgniter.php(941): App\Controllers\Barang->view('B001')
 6 SYSTEMPATH\CodeIgniter.php(502): CodeIgniter\CodeIgniter->runController(Object(App\Controllers\Barang))
 7 SYSTEMPATH\CodeIgniter.php(361): CodeIgniter\CodeIgniter->handleRequest(null, Object(Config\Cache), false)
 8 FCPATH\index.php(79): CodeIgniter\CodeIgniter->run()
 9 SYSTEMPATH\Commands\Server\rewrite.php(47): require_once('C:\\xampp\\htdocs\\ci-news\\public\\index.php')
CRITICAL - 2024-04-03 04:40:41 --> [Caused by] CodeIgniter\Database\Exceptions\DatabaseException: Unknown column 'barang.id' in 'where clause'
in SYSTEMPATH\Database\MySQLi\Connection.php on line 311.
 1 SYSTEMPATH\Database\BaseConnection.php(693): CodeIgniter\Database\MySQLi\Connection->execute('SELECT *
FROM `barang`
WHERE `barang`.`id` = \'B001\'')
 2 SYSTEMPATH\Database\BaseConnection.php(607): CodeIgniter\Database\BaseConnection->simpleQuery('SELECT *
FROM `barang`
WHERE `barang`.`id` = \'B001\'')
 3 SYSTEMPATH\Database\BaseBuilder.php(1616): CodeIgniter\Database\BaseConnection->query('SELECT *
FROM `barang`
WHERE `barang`.`id` = :barang.id:', [...], false)
 4 SYSTEMPATH\Model.php(199): CodeIgniter\Database\BaseBuilder->get()
 5 SYSTEMPATH\BaseModel.php(577): CodeIgniter\Model->doFind(true, 'B001')
 6 APPPATH\Controllers\Barang.php(30): CodeIgniter\BaseModel->find('B001')
 7 SYSTEMPATH\CodeIgniter.php(941): App\Controllers\Barang->view('B001')
 8 SYSTEMPATH\CodeIgniter.php(502): CodeIgniter\CodeIgniter->runController(Object(App\Controllers\Barang))
 9 SYSTEMPATH\CodeIgniter.php(361): CodeIgniter\CodeIgniter->handleRequest(null, Object(Config\Cache), false)
10 FCPATH\index.php(79): CodeIgniter\CodeIgniter->run()
11 SYSTEMPATH\Commands\Server\rewrite.php(47): require_once('C:\\xampp\\htdocs\\ci-news\\public\\index.php')
CRITICAL - 2024-04-03 04:40:41 --> [Caused by] mysqli_sql_exception: Unknown column 'barang.id' in 'where clause'
in SYSTEMPATH\Database\MySQLi\Connection.php on line 306.
 1 SYSTEMPATH\Database\MySQLi\Connection.php(306): mysqli->query('SELECT *
FROM `barang`
WHERE `barang`.`id` = \'B001\'', 0)
 2 SYSTEMPATH\Database\BaseConnection.php(693): CodeIgniter\Database\MySQLi\Connection->execute('SELECT *
FROM `barang`
WHERE `barang`.`id` = \'B001\'')
 3 SYSTEMPATH\Database\BaseConnection.php(607): CodeIgniter\Database\BaseConnection->simpleQuery('SELECT *
FROM `barang`
WHERE `barang`.`id` = \'B001\'')
 4 SYSTEMPATH\Database\BaseBuilder.php(1616): CodeIgniter\Database\BaseConnection->query('SELECT *
FROM `barang`
WHERE `barang`.`id` = :barang.id:', [...], false)
 5 SYSTEMPATH\Model.php(199): CodeIgniter\Database\BaseBuilder->get()
 6 SYSTEMPATH\BaseModel.php(577): CodeIgniter\Model->doFind(true, 'B001')
 7 APPPATH\Controllers\Barang.php(30): CodeIgniter\BaseModel->find('B001')
 8 SYSTEMPATH\CodeIgniter.php(941): App\Controllers\Barang->view('B001')
 9 SYSTEMPATH\CodeIgniter.php(502): CodeIgniter\CodeIgniter->runController(Object(App\Controllers\Barang))
10 SYSTEMPATH\CodeIgniter.php(361): CodeIgniter\CodeIgniter->handleRequest(null, Object(Config\Cache), false)
11 FCPATH\index.php(79): CodeIgniter\CodeIgniter->run()
12 SYSTEMPATH\Commands\Server\rewrite.php(47): require_once('C:\\xampp\\htdocs\\ci-news\\public\\index.php')
ERROR - 2024-04-03 04:41:45 --> mysqli_sql_exception: Unknown column 'barang.id' in 'where clause' in C:\xampp\htdocs\ci-news\system\Database\MySQLi\Connection.php:306
Stack trace:
#0 C:\xampp\htdocs\ci-news\system\Database\MySQLi\Connection.php(306): mysqli->query('SELECT *\nFROM `...', 0)
#1 C:\xampp\htdocs\ci-news\system\Database\BaseConnection.php(693): CodeIgniter\Database\MySQLi\Connection->execute('SELECT *\nFROM `...')
#2 C:\xampp\htdocs\ci-news\system\Database\BaseConnection.php(607): CodeIgniter\Database\BaseConnection->simpleQuery('SELECT *\nFROM `...')
#3 C:\xampp\htdocs\ci-news\system\Database\BaseBuilder.php(1616): CodeIgniter\Database\BaseConnection->query('SELECT *\nFROM `...', Array, false)
#4 C:\xampp\htdocs\ci-news\system\Model.php(199): CodeIgniter\Database\BaseBuilder->get()
#5 C:\xampp\htdocs\ci-news\system\BaseModel.php(577): CodeIgniter\Model->doFind(true, 'B001')
#6 C:\xampp\htdocs\ci-news\app\Controllers\Barang.php(30): CodeIgniter\BaseModel->find('B001')
#7 C:\xampp\htdocs\ci-news\system\CodeIgniter.php(941): App\Controllers\Barang->view('B001')
#8 C:\xampp\htdocs\ci-news\system\CodeIgniter.php(502): CodeIgniter\CodeIgniter->runController(Object(App\Controllers\Barang))
#9 C:\xampp\htdocs\ci-news\system\CodeIgniter.php(361): CodeIgniter\CodeIgniter->handleRequest(NULL, Object(Config\Cache), false)
#10 C:\xampp\htdocs\ci-news\public\index.php(79): CodeIgniter\CodeIgniter->run()
#11 C:\xampp\htdocs\ci-news\system\Commands\Server\rewrite.php(47): require_once('C:\\xampp\\htdocs...')
#12 {main}
CRITICAL - 2024-04-03 04:41:45 --> CodeIgniter\Database\Exceptions\DatabaseException: Unknown column 'barang.id' in 'where clause'
in SYSTEMPATH\Database\BaseConnection.php on line 647.
 1 SYSTEMPATH\Database\BaseBuilder.php(1616): CodeIgniter\Database\BaseConnection->query('SELECT *
FROM `barang`
WHERE `barang`.`id` = :barang.id:', [...], false)
 2 SYSTEMPATH\Model.php(199): CodeIgniter\Database\BaseBuilder->get()
 3 SYSTEMPATH\BaseModel.php(577): CodeIgniter\Model->doFind(true, 'B001')
 4 APPPATH\Controllers\Barang.php(30): CodeIgniter\BaseModel->find('B001')
 5 SYSTEMPATH\CodeIgniter.php(941): App\Controllers\Barang->view('B001')
 6 SYSTEMPATH\CodeIgniter.php(502): CodeIgniter\CodeIgniter->runController(Object(App\Controllers\Barang))
 7 SYSTEMPATH\CodeIgniter.php(361): CodeIgniter\CodeIgniter->handleRequest(null, Object(Config\Cache), false)
 8 FCPATH\index.php(79): CodeIgniter\CodeIgniter->run()
 9 SYSTEMPATH\Commands\Server\rewrite.php(47): require_once('C:\\xampp\\htdocs\\ci-news\\public\\index.php')
CRITICAL - 2024-04-03 04:41:45 --> [Caused by] CodeIgniter\Database\Exceptions\DatabaseException: Unknown column 'barang.id' in 'where clause'
in SYSTEMPATH\Database\MySQLi\Connection.php on line 311.
 1 SYSTEMPATH\Database\BaseConnection.php(693): CodeIgniter\Database\MySQLi\Connection->execute('SELECT *
FROM `barang`
WHERE `barang`.`id` = \'B001\'')
 2 SYSTEMPATH\Database\BaseConnection.php(607): CodeIgniter\Database\BaseConnection->simpleQuery('SELECT *
FROM `barang`
WHERE `barang`.`id` = \'B001\'')
 3 SYSTEMPATH\Database\BaseBuilder.php(1616): CodeIgniter\Database\BaseConnection->query('SELECT *
FROM `barang`
WHERE `barang`.`id` = :barang.id:', [...], false)
 4 SYSTEMPATH\Model.php(199): CodeIgniter\Database\BaseBuilder->get()
 5 SYSTEMPATH\BaseModel.php(577): CodeIgniter\Model->doFind(true, 'B001')
 6 APPPATH\Controllers\Barang.php(30): CodeIgniter\BaseModel->find('B001')
 7 SYSTEMPATH\CodeIgniter.php(941): App\Controllers\Barang->view('B001')
 8 SYSTEMPATH\CodeIgniter.php(502): CodeIgniter\CodeIgniter->runController(Object(App\Controllers\Barang))
 9 SYSTEMPATH\CodeIgniter.php(361): CodeIgniter\CodeIgniter->handleRequest(null, Object(Config\Cache), false)
10 FCPATH\index.php(79): CodeIgniter\CodeIgniter->run()
11 SYSTEMPATH\Commands\Server\rewrite.php(47): require_once('C:\\xampp\\htdocs\\ci-news\\public\\index.php')
CRITICAL - 2024-04-03 04:41:45 --> [Caused by] mysqli_sql_exception: Unknown column 'barang.id' in 'where clause'
in SYSTEMPATH\Database\MySQLi\Connection.php on line 306.
 1 SYSTEMPATH\Database\MySQLi\Connection.php(306): mysqli->query('SELECT *
FROM `barang`
WHERE `barang`.`id` = \'B001\'', 0)
 2 SYSTEMPATH\Database\BaseConnection.php(693): CodeIgniter\Database\MySQLi\Connection->execute('SELECT *
FROM `barang`
WHERE `barang`.`id` = \'B001\'')
 3 SYSTEMPATH\Database\BaseConnection.php(607): CodeIgniter\Database\BaseConnection->simpleQuery('SELECT *
FROM `barang`
WHERE `barang`.`id` = \'B001\'')
 4 SYSTEMPATH\Database\BaseBuilder.php(1616): CodeIgniter\Database\BaseConnection->query('SELECT *
FROM `barang`
WHERE `barang`.`id` = :barang.id:', [...], false)
 5 SYSTEMPATH\Model.php(199): CodeIgniter\Database\BaseBuilder->get()
 6 SYSTEMPATH\BaseModel.php(577): CodeIgniter\Model->doFind(true, 'B001')
 7 APPPATH\Controllers\Barang.php(30): CodeIgniter\BaseModel->find('B001')
 8 SYSTEMPATH\CodeIgniter.php(941): App\Controllers\Barang->view('B001')
 9 SYSTEMPATH\CodeIgniter.php(502): CodeIgniter\CodeIgniter->runController(Object(App\Controllers\Barang))
10 SYSTEMPATH\CodeIgniter.php(361): CodeIgniter\CodeIgniter->handleRequest(null, Object(Config\Cache), false)
11 FCPATH\index.php(79): CodeIgniter\CodeIgniter->run()
12 SYSTEMPATH\Commands\Server\rewrite.php(47): require_once('C:\\xampp\\htdocs\\ci-news\\public\\index.php')
ERROR - 2024-04-03 04:43:24 --> mysqli_sql_exception: Unknown column 'barang.id' in 'where clause' in C:\xampp\htdocs\ci-news\system\Database\MySQLi\Connection.php:306
Stack trace:
#0 C:\xampp\htdocs\ci-news\system\Database\MySQLi\Connection.php(306): mysqli->query('SELECT *\nFROM `...', 0)
#1 C:\xampp\htdocs\ci-news\system\Database\BaseConnection.php(693): CodeIgniter\Database\MySQLi\Connection->execute('SELECT *\nFROM `...')
#2 C:\xampp\htdocs\ci-news\system\Database\BaseConnection.php(607): CodeIgniter\Database\BaseConnection->simpleQuery('SELECT *\nFROM `...')
#3 C:\xampp\htdocs\ci-news\system\Database\BaseBuilder.php(1616): CodeIgniter\Database\BaseConnection->query('SELECT *\nFROM `...', Array, false)
#4 C:\xampp\htdocs\ci-news\system\Model.php(199): CodeIgniter\Database\BaseBuilder->get()
#5 C:\xampp\htdocs\ci-news\system\BaseModel.php(577): CodeIgniter\Model->doFind(true, 'B001')
#6 C:\xampp\htdocs\ci-news\app\Controllers\Barang.php(30): CodeIgniter\BaseModel->find('B001')
#7 C:\xampp\htdocs\ci-news\system\CodeIgniter.php(941): App\Controllers\Barang->view('B001')
#8 C:\xampp\htdocs\ci-news\system\CodeIgniter.php(502): CodeIgniter\CodeIgniter->runController(Object(App\Controllers\Barang))
#9 C:\xampp\htdocs\ci-news\system\CodeIgniter.php(361): CodeIgniter\CodeIgniter->handleRequest(NULL, Object(Config\Cache), false)
#10 C:\xampp\htdocs\ci-news\public\index.php(79): CodeIgniter\CodeIgniter->run()
#11 C:\xampp\htdocs\ci-news\system\Commands\Server\rewrite.php(47): require_once('C:\\xampp\\htdocs...')
#12 {main}
CRITICAL - 2024-04-03 04:43:24 --> CodeIgniter\Database\Exceptions\DatabaseException: Unknown column 'barang.id' in 'where clause'
in SYSTEMPATH\Database\BaseConnection.php on line 647.
 1 SYSTEMPATH\Database\BaseBuilder.php(1616): CodeIgniter\Database\BaseConnection->query('SELECT *
FROM `barang`
WHERE `barang`.`id` = :barang.id:', [...], false)
 2 SYSTEMPATH\Model.php(199): CodeIgniter\Database\BaseBuilder->get()
 3 SYSTEMPATH\BaseModel.php(577): CodeIgniter\Model->doFind(true, 'B001')
 4 APPPATH\Controllers\Barang.php(30): CodeIgniter\BaseModel->find('B001')
 5 SYSTEMPATH\CodeIgniter.php(941): App\Controllers\Barang->view('B001')
 6 SYSTEMPATH\CodeIgniter.php(502): CodeIgniter\CodeIgniter->runController(Object(App\Controllers\Barang))
 7 SYSTEMPATH\CodeIgniter.php(361): CodeIgniter\CodeIgniter->handleRequest(null, Object(Config\Cache), false)
 8 FCPATH\index.php(79): CodeIgniter\CodeIgniter->run()
 9 SYSTEMPATH\Commands\Server\rewrite.php(47): require_once('C:\\xampp\\htdocs\\ci-news\\public\\index.php')
CRITICAL - 2024-04-03 04:43:24 --> [Caused by] CodeIgniter\Database\Exceptions\DatabaseException: Unknown column 'barang.id' in 'where clause'
in SYSTEMPATH\Database\MySQLi\Connection.php on line 311.
 1 SYSTEMPATH\Database\BaseConnection.php(693): CodeIgniter\Database\MySQLi\Connection->execute('SELECT *
FROM `barang`
WHERE `barang`.`id` = \'B001\'')
 2 SYSTEMPATH\Database\BaseConnection.php(607): CodeIgniter\Database\BaseConnection->simpleQuery('SELECT *
FROM `barang`
WHERE `barang`.`id` = \'B001\'')
 3 SYSTEMPATH\Database\BaseBuilder.php(1616): CodeIgniter\Database\BaseConnection->query('SELECT *
FROM `barang`
WHERE `barang`.`id` = :barang.id:', [...], false)
 4 SYSTEMPATH\Model.php(199): CodeIgniter\Database\BaseBuilder->get()
 5 SYSTEMPATH\BaseModel.php(577): CodeIgniter\Model->doFind(true, 'B001')
 6 APPPATH\Controllers\Barang.php(30): CodeIgniter\BaseModel->find('B001')
 7 SYSTEMPATH\CodeIgniter.php(941): App\Controllers\Barang->view('B001')
 8 SYSTEMPATH\CodeIgniter.php(502): CodeIgniter\CodeIgniter->runController(Object(App\Controllers\Barang))
 9 SYSTEMPATH\CodeIgniter.php(361): CodeIgniter\CodeIgniter->handleRequest(null, Object(Config\Cache), false)
10 FCPATH\index.php(79): CodeIgniter\CodeIgniter->run()
11 SYSTEMPATH\Commands\Server\rewrite.php(47): require_once('C:\\xampp\\htdocs\\ci-news\\public\\index.php')
CRITICAL - 2024-04-03 04:43:24 --> [Caused by] mysqli_sql_exception: Unknown column 'barang.id' in 'where clause'
in SYSTEMPATH\Database\MySQLi\Connection.php on line 306.
 1 SYSTEMPATH\Database\MySQLi\Connection.php(306): mysqli->query('SELECT *
FROM `barang`
WHERE `barang`.`id` = \'B001\'', 0)
 2 SYSTEMPATH\Database\BaseConnection.php(693): CodeIgniter\Database\MySQLi\Connection->execute('SELECT *
FROM `barang`
WHERE `barang`.`id` = \'B001\'')
 3 SYSTEMPATH\Database\BaseConnection.php(607): CodeIgniter\Database\BaseConnection->simpleQuery('SELECT *
FROM `barang`
WHERE `barang`.`id` = \'B001\'')
 4 SYSTEMPATH\Database\BaseBuilder.php(1616): CodeIgniter\Database\BaseConnection->query('SELECT *
FROM `barang`
WHERE `barang`.`id` = :barang.id:', [...], false)
 5 SYSTEMPATH\Model.php(199): CodeIgniter\Database\BaseBuilder->get()
 6 SYSTEMPATH\BaseModel.php(577): CodeIgniter\Model->doFind(true, 'B001')
 7 APPPATH\Controllers\Barang.php(30): CodeIgniter\BaseModel->find('B001')
 8 SYSTEMPATH\CodeIgniter.php(941): App\Controllers\Barang->view('B001')
 9 SYSTEMPATH\CodeIgniter.php(502): CodeIgniter\CodeIgniter->runController(Object(App\Controllers\Barang))
10 SYSTEMPATH\CodeIgniter.php(361): CodeIgniter\CodeIgniter->handleRequest(null, Object(Config\Cache), false)
11 FCPATH\index.php(79): CodeIgniter\CodeIgniter->run()
12 SYSTEMPATH\Commands\Server\rewrite.php(47): require_once('C:\\xampp\\htdocs\\ci-news\\public\\index.php')
ERROR - 2024-04-03 04:44:37 --> mysqli_sql_exception: Unknown column 'barang.id' in 'where clause' in C:\xampp\htdocs\ci-news\system\Database\MySQLi\Connection.php:306
Stack trace:
#0 C:\xampp\htdocs\ci-news\system\Database\MySQLi\Connection.php(306): mysqli->query('SELECT *\nFROM `...', 0)
#1 C:\xampp\htdocs\ci-news\system\Database\BaseConnection.php(693): CodeIgniter\Database\MySQLi\Connection->execute('SELECT *\nFROM `...')
#2 C:\xampp\htdocs\ci-news\system\Database\BaseConnection.php(607): CodeIgniter\Database\BaseConnection->simpleQuery('SELECT *\nFROM `...')
#3 C:\xampp\htdocs\ci-news\system\Database\BaseBuilder.php(1616): CodeIgniter\Database\BaseConnection->query('SELECT *\nFROM `...', Array, false)
#4 C:\xampp\htdocs\ci-news\system\Model.php(199): CodeIgniter\Database\BaseBuilder->get()
#5 C:\xampp\htdocs\ci-news\system\BaseModel.php(577): CodeIgniter\Model->doFind(true, 'B001')
#6 C:\xampp\htdocs\ci-news\app\Controllers\Barang.php(30): CodeIgniter\BaseModel->find('B001')
#7 C:\xampp\htdocs\ci-news\system\CodeIgniter.php(941): App\Controllers\Barang->view('B001')
#8 C:\xampp\htdocs\ci-news\system\CodeIgniter.php(502): CodeIgniter\CodeIgniter->runController(Object(App\Controllers\Barang))
#9 C:\xampp\htdocs\ci-news\system\CodeIgniter.php(361): CodeIgniter\CodeIgniter->handleRequest(NULL, Object(Config\Cache), false)
#10 C:\xampp\htdocs\ci-news\public\index.php(79): CodeIgniter\CodeIgniter->run()
#11 C:\xampp\htdocs\ci-news\system\Commands\Server\rewrite.php(47): require_once('C:\\xampp\\htdocs...')
#12 {main}
CRITICAL - 2024-04-03 04:44:37 --> CodeIgniter\Database\Exceptions\DatabaseException: Unknown column 'barang.id' in 'where clause'
in SYSTEMPATH\Database\BaseConnection.php on line 647.
 1 SYSTEMPATH\Database\BaseBuilder.php(1616): CodeIgniter\Database\BaseConnection->query('SELECT *
FROM `barang`
WHERE `barang`.`id` = :barang.id:', [...], false)
 2 SYSTEMPATH\Model.php(199): CodeIgniter\Database\BaseBuilder->get()
 3 SYSTEMPATH\BaseModel.php(577): CodeIgniter\Model->doFind(true, 'B001')
 4 APPPATH\Controllers\Barang.php(30): CodeIgniter\BaseModel->find('B001')
 5 SYSTEMPATH\CodeIgniter.php(941): App\Controllers\Barang->view('B001')
 6 SYSTEMPATH\CodeIgniter.php(502): CodeIgniter\CodeIgniter->runController(Object(App\Controllers\Barang))
 7 SYSTEMPATH\CodeIgniter.php(361): CodeIgniter\CodeIgniter->handleRequest(null, Object(Config\Cache), false)
 8 FCPATH\index.php(79): CodeIgniter\CodeIgniter->run()
 9 SYSTEMPATH\Commands\Server\rewrite.php(47): require_once('C:\\xampp\\htdocs\\ci-news\\public\\index.php')
CRITICAL - 2024-04-03 04:44:37 --> [Caused by] CodeIgniter\Database\Exceptions\DatabaseException: Unknown column 'barang.id' in 'where clause'
in SYSTEMPATH\Database\MySQLi\Connection.php on line 311.
 1 SYSTEMPATH\Database\BaseConnection.php(693): CodeIgniter\Database\MySQLi\Connection->execute('SELECT *
FROM `barang`
WHERE `barang`.`id` = \'B001\'')
 2 SYSTEMPATH\Database\BaseConnection.php(607): CodeIgniter\Database\BaseConnection->simpleQuery('SELECT *
FROM `barang`
WHERE `barang`.`id` = \'B001\'')
 3 SYSTEMPATH\Database\BaseBuilder.php(1616): CodeIgniter\Database\BaseConnection->query('SELECT *
FROM `barang`
WHERE `barang`.`id` = :barang.id:', [...], false)
 4 SYSTEMPATH\Model.php(199): CodeIgniter\Database\BaseBuilder->get()
 5 SYSTEMPATH\BaseModel.php(577): CodeIgniter\Model->doFind(true, 'B001')
 6 APPPATH\Controllers\Barang.php(30): CodeIgniter\BaseModel->find('B001')
 7 SYSTEMPATH\CodeIgniter.php(941): App\Controllers\Barang->view('B001')
 8 SYSTEMPATH\CodeIgniter.php(502): CodeIgniter\CodeIgniter->runController(Object(App\Controllers\Barang))
 9 SYSTEMPATH\CodeIgniter.php(361): CodeIgniter\CodeIgniter->handleRequest(null, Object(Config\Cache), false)
10 FCPATH\index.php(79): CodeIgniter\CodeIgniter->run()
11 SYSTEMPATH\Commands\Server\rewrite.php(47): require_once('C:\\xampp\\htdocs\\ci-news\\public\\index.php')
CRITICAL - 2024-04-03 04:44:37 --> [Caused by] mysqli_sql_exception: Unknown column 'barang.id' in 'where clause'
in SYSTEMPATH\Database\MySQLi\Connection.php on line 306.
 1 SYSTEMPATH\Database\MySQLi\Connection.php(306): mysqli->query('SELECT *
FROM `barang`
WHERE `barang`.`id` = \'B001\'', 0)
 2 SYSTEMPATH\Database\BaseConnection.php(693): CodeIgniter\Database\MySQLi\Connection->execute('SELECT *
FROM `barang`
WHERE `barang`.`id` = \'B001\'')
 3 SYSTEMPATH\Database\BaseConnection.php(607): CodeIgniter\Database\BaseConnection->simpleQuery('SELECT *
FROM `barang`
WHERE `barang`.`id` = \'B001\'')
 4 SYSTEMPATH\Database\BaseBuilder.php(1616): CodeIgniter\Database\BaseConnection->query('SELECT *
FROM `barang`
WHERE `barang`.`id` = :barang.id:', [...], false)
 5 SYSTEMPATH\Model.php(199): CodeIgniter\Database\BaseBuilder->get()
 6 SYSTEMPATH\BaseModel.php(577): CodeIgniter\Model->doFind(true, 'B001')
 7 APPPATH\Controllers\Barang.php(30): CodeIgniter\BaseModel->find('B001')
 8 SYSTEMPATH\CodeIgniter.php(941): App\Controllers\Barang->view('B001')
 9 SYSTEMPATH\CodeIgniter.php(502): CodeIgniter\CodeIgniter->runController(Object(App\Controllers\Barang))
10 SYSTEMPATH\CodeIgniter.php(361): CodeIgniter\CodeIgniter->handleRequest(null, Object(Config\Cache), false)
11 FCPATH\index.php(79): CodeIgniter\CodeIgniter->run()
12 SYSTEMPATH\Commands\Server\rewrite.php(47): require_once('C:\\xampp\\htdocs\\ci-news\\public\\index.php')
ERROR - 2024-04-03 04:46:33 --> mysqli_sql_exception: Unknown column 'barang.id' in 'where clause' in C:\xampp\htdocs\ci-news\system\Database\MySQLi\Connection.php:306
Stack trace:
#0 C:\xampp\htdocs\ci-news\system\Database\MySQLi\Connection.php(306): mysqli->query('SELECT *\nFROM `...', 0)
#1 C:\xampp\htdocs\ci-news\system\Database\BaseConnection.php(693): CodeIgniter\Database\MySQLi\Connection->execute('SELECT *\nFROM `...')
#2 C:\xampp\htdocs\ci-news\system\Database\BaseConnection.php(607): CodeIgniter\Database\BaseConnection->simpleQuery('SELECT *\nFROM `...')
#3 C:\xampp\htdocs\ci-news\system\Database\BaseBuilder.php(1616): CodeIgniter\Database\BaseConnection->query('SELECT *\nFROM `...', Array, false)
#4 C:\xampp\htdocs\ci-news\system\Model.php(199): CodeIgniter\Database\BaseBuilder->get()
#5 C:\xampp\htdocs\ci-news\system\BaseModel.php(577): CodeIgniter\Model->doFind(true, 'B001')
#6 C:\xampp\htdocs\ci-news\app\Controllers\Barang.php(30): CodeIgniter\BaseModel->find('B001')
#7 C:\xampp\htdocs\ci-news\system\CodeIgniter.php(941): App\Controllers\Barang->view('B001')
#8 C:\xampp\htdocs\ci-news\system\CodeIgniter.php(502): CodeIgniter\CodeIgniter->runController(Object(App\Controllers\Barang))
#9 C:\xampp\htdocs\ci-news\system\CodeIgniter.php(361): CodeIgniter\CodeIgniter->handleRequest(NULL, Object(Config\Cache), false)
#10 C:\xampp\htdocs\ci-news\public\index.php(79): CodeIgniter\CodeIgniter->run()
#11 C:\xampp\htdocs\ci-news\system\Commands\Server\rewrite.php(47): require_once('C:\\xampp\\htdocs...')
#12 {main}
CRITICAL - 2024-04-03 04:46:33 --> CodeIgniter\Database\Exceptions\DatabaseException: Unknown column 'barang.id' in 'where clause'
in SYSTEMPATH\Database\BaseConnection.php on line 647.
 1 SYSTEMPATH\Database\BaseBuilder.php(1616): CodeIgniter\Database\BaseConnection->query('SELECT *
FROM `barang`
WHERE `barang`.`id` = :barang.id:', [...], false)
 2 SYSTEMPATH\Model.php(199): CodeIgniter\Database\BaseBuilder->get()
 3 SYSTEMPATH\BaseModel.php(577): CodeIgniter\Model->doFind(true, 'B001')
 4 APPPATH\Controllers\Barang.php(30): CodeIgniter\BaseModel->find('B001')
 5 SYSTEMPATH\CodeIgniter.php(941): App\Controllers\Barang->view('B001')
 6 SYSTEMPATH\CodeIgniter.php(502): CodeIgniter\CodeIgniter->runController(Object(App\Controllers\Barang))
 7 SYSTEMPATH\CodeIgniter.php(361): CodeIgniter\CodeIgniter->handleRequest(null, Object(Config\Cache), false)
 8 FCPATH\index.php(79): CodeIgniter\CodeIgniter->run()
 9 SYSTEMPATH\Commands\Server\rewrite.php(47): require_once('C:\\xampp\\htdocs\\ci-news\\public\\index.php')
CRITICAL - 2024-04-03 04:46:33 --> [Caused by] CodeIgniter\Database\Exceptions\DatabaseException: Unknown column 'barang.id' in 'where clause'
in SYSTEMPATH\Database\MySQLi\Connection.php on line 311.
 1 SYSTEMPATH\Database\BaseConnection.php(693): CodeIgniter\Database\MySQLi\Connection->execute('SELECT *
FROM `barang`
WHERE `barang`.`id` = \'B001\'')
 2 SYSTEMPATH\Database\BaseConnection.php(607): CodeIgniter\Database\BaseConnection->simpleQuery('SELECT *
FROM `barang`
WHERE `barang`.`id` = \'B001\'')
 3 SYSTEMPATH\Database\BaseBuilder.php(1616): CodeIgniter\Database\BaseConnection->query('SELECT *
FROM `barang`
WHERE `barang`.`id` = :barang.id:', [...], false)
 4 SYSTEMPATH\Model.php(199): CodeIgniter\Database\BaseBuilder->get()
 5 SYSTEMPATH\BaseModel.php(577): CodeIgniter\Model->doFind(true, 'B001')
 6 APPPATH\Controllers\Barang.php(30): CodeIgniter\BaseModel->find('B001')
 7 SYSTEMPATH\CodeIgniter.php(941): App\Controllers\Barang->view('B001')
 8 SYSTEMPATH\CodeIgniter.php(502): CodeIgniter\CodeIgniter->runController(Object(App\Controllers\Barang))
 9 SYSTEMPATH\CodeIgniter.php(361): CodeIgniter\CodeIgniter->handleRequest(null, Object(Config\Cache), false)
10 FCPATH\index.php(79): CodeIgniter\CodeIgniter->run()
11 SYSTEMPATH\Commands\Server\rewrite.php(47): require_once('C:\\xampp\\htdocs\\ci-news\\public\\index.php')
CRITICAL - 2024-04-03 04:46:33 --> [Caused by] mysqli_sql_exception: Unknown column 'barang.id' in 'where clause'
in SYSTEMPATH\Database\MySQLi\Connection.php on line 306.
 1 SYSTEMPATH\Database\MySQLi\Connection.php(306): mysqli->query('SELECT *
FROM `barang`
WHERE `barang`.`id` = \'B001\'', 0)
 2 SYSTEMPATH\Database\BaseConnection.php(693): CodeIgniter\Database\MySQLi\Connection->execute('SELECT *
FROM `barang`
WHERE `barang`.`id` = \'B001\'')
 3 SYSTEMPATH\Database\BaseConnection.php(607): CodeIgniter\Database\BaseConnection->simpleQuery('SELECT *
FROM `barang`
WHERE `barang`.`id` = \'B001\'')
 4 SYSTEMPATH\Database\BaseBuilder.php(1616): CodeIgniter\Database\BaseConnection->query('SELECT *
FROM `barang`
WHERE `barang`.`id` = :barang.id:', [...], false)
 5 SYSTEMPATH\Model.php(199): CodeIgniter\Database\BaseBuilder->get()
 6 SYSTEMPATH\BaseModel.php(577): CodeIgniter\Model->doFind(true, 'B001')
 7 APPPATH\Controllers\Barang.php(30): CodeIgniter\BaseModel->find('B001')
 8 SYSTEMPATH\CodeIgniter.php(941): App\Controllers\Barang->view('B001')
 9 SYSTEMPATH\CodeIgniter.php(502): CodeIgniter\CodeIgniter->runController(Object(App\Controllers\Barang))
10 SYSTEMPATH\CodeIgniter.php(361): CodeIgniter\CodeIgniter->handleRequest(null, Object(Config\Cache), false)
11 FCPATH\index.php(79): CodeIgniter\CodeIgniter->run()
12 SYSTEMPATH\Commands\Server\rewrite.php(47): require_once('C:\\xampp\\htdocs\\ci-news\\public\\index.php')
ERROR - 2024-04-03 04:47:58 --> mysqli_sql_exception: Unknown column 'barang.id' in 'where clause' in C:\xampp\htdocs\ci-news\system\Database\MySQLi\Connection.php:306
Stack trace:
#0 C:\xampp\htdocs\ci-news\system\Database\MySQLi\Connection.php(306): mysqli->query('SELECT *\nFROM `...', 0)
#1 C:\xampp\htdocs\ci-news\system\Database\BaseConnection.php(693): CodeIgniter\Database\MySQLi\Connection->execute('SELECT *\nFROM `...')
#2 C:\xampp\htdocs\ci-news\system\Database\BaseConnection.php(607): CodeIgniter\Database\BaseConnection->simpleQuery('SELECT *\nFROM `...')
#3 C:\xampp\htdocs\ci-news\system\Database\BaseBuilder.php(1616): CodeIgniter\Database\BaseConnection->query('SELECT *\nFROM `...', Array, false)
#4 C:\xampp\htdocs\ci-news\system\Model.php(199): CodeIgniter\Database\BaseBuilder->get()
#5 C:\xampp\htdocs\ci-news\system\BaseModel.php(577): CodeIgniter\Model->doFind(true, 'B001')
#6 C:\xampp\htdocs\ci-news\app\Controllers\Barang.php(30): CodeIgniter\BaseModel->find('B001')
#7 C:\xampp\htdocs\ci-news\system\CodeIgniter.php(941): App\Controllers\Barang->view('B001')
#8 C:\xampp\htdocs\ci-news\system\CodeIgniter.php(502): CodeIgniter\CodeIgniter->runController(Object(App\Controllers\Barang))
#9 C:\xampp\htdocs\ci-news\system\CodeIgniter.php(361): CodeIgniter\CodeIgniter->handleRequest(NULL, Object(Config\Cache), false)
#10 C:\xampp\htdocs\ci-news\public\index.php(79): CodeIgniter\CodeIgniter->run()
#11 C:\xampp\htdocs\ci-news\system\Commands\Server\rewrite.php(47): require_once('C:\\xampp\\htdocs...')
#12 {main}
CRITICAL - 2024-04-03 04:47:58 --> CodeIgniter\Database\Exceptions\DatabaseException: Unknown column 'barang.id' in 'where clause'
in SYSTEMPATH\Database\BaseConnection.php on line 647.
 1 SYSTEMPATH\Database\BaseBuilder.php(1616): CodeIgniter\Database\BaseConnection->query('SELECT *
FROM `barang`
WHERE `barang`.`id` = :barang.id:', [...], false)
 2 SYSTEMPATH\Model.php(199): CodeIgniter\Database\BaseBuilder->get()
 3 SYSTEMPATH\BaseModel.php(577): CodeIgniter\Model->doFind(true, 'B001')
 4 APPPATH\Controllers\Barang.php(30): CodeIgniter\BaseModel->find('B001')
 5 SYSTEMPATH\CodeIgniter.php(941): App\Controllers\Barang->view('B001')
 6 SYSTEMPATH\CodeIgniter.php(502): CodeIgniter\CodeIgniter->runController(Object(App\Controllers\Barang))
 7 SYSTEMPATH\CodeIgniter.php(361): CodeIgniter\CodeIgniter->handleRequest(null, Object(Config\Cache), false)
 8 FCPATH\index.php(79): CodeIgniter\CodeIgniter->run()
 9 SYSTEMPATH\Commands\Server\rewrite.php(47): require_once('C:\\xampp\\htdocs\\ci-news\\public\\index.php')
CRITICAL - 2024-04-03 04:47:58 --> [Caused by] CodeIgniter\Database\Exceptions\DatabaseException: Unknown column 'barang.id' in 'where clause'
in SYSTEMPATH\Database\MySQLi\Connection.php on line 311.
 1 SYSTEMPATH\Database\BaseConnection.php(693): CodeIgniter\Database\MySQLi\Connection->execute('SELECT *
FROM `barang`
WHERE `barang`.`id` = \'B001\'')
 2 SYSTEMPATH\Database\BaseConnection.php(607): CodeIgniter\Database\BaseConnection->simpleQuery('SELECT *
FROM `barang`
WHERE `barang`.`id` = \'B001\'')
 3 SYSTEMPATH\Database\BaseBuilder.php(1616): CodeIgniter\Database\BaseConnection->query('SELECT *
FROM `barang`
WHERE `barang`.`id` = :barang.id:', [...], false)
 4 SYSTEMPATH\Model.php(199): CodeIgniter\Database\BaseBuilder->get()
 5 SYSTEMPATH\BaseModel.php(577): CodeIgniter\Model->doFind(true, 'B001')
 6 APPPATH\Controllers\Barang.php(30): CodeIgniter\BaseModel->find('B001')
 7 SYSTEMPATH\CodeIgniter.php(941): App\Controllers\Barang->view('B001')
 8 SYSTEMPATH\CodeIgniter.php(502): CodeIgniter\CodeIgniter->runController(Object(App\Controllers\Barang))
 9 SYSTEMPATH\CodeIgniter.php(361): CodeIgniter\CodeIgniter->handleRequest(null, Object(Config\Cache), false)
10 FCPATH\index.php(79): CodeIgniter\CodeIgniter->run()
11 SYSTEMPATH\Commands\Server\rewrite.php(47): require_once('C:\\xampp\\htdocs\\ci-news\\public\\index.php')
CRITICAL - 2024-04-03 04:47:58 --> [Caused by] mysqli_sql_exception: Unknown column 'barang.id' in 'where clause'
in SYSTEMPATH\Database\MySQLi\Connection.php on line 306.
 1 SYSTEMPATH\Database\MySQLi\Connection.php(306): mysqli->query('SELECT *
FROM `barang`
WHERE `barang`.`id` = \'B001\'', 0)
 2 SYSTEMPATH\Database\BaseConnection.php(693): CodeIgniter\Database\MySQLi\Connection->execute('SELECT *
FROM `barang`
WHERE `barang`.`id` = \'B001\'')
 3 SYSTEMPATH\Database\BaseConnection.php(607): CodeIgniter\Database\BaseConnection->simpleQuery('SELECT *
FROM `barang`
WHERE `barang`.`id` = \'B001\'')
 4 SYSTEMPATH\Database\BaseBuilder.php(1616): CodeIgniter\Database\BaseConnection->query('SELECT *
FROM `barang`
WHERE `barang`.`id` = :barang.id:', [...], false)
 5 SYSTEMPATH\Model.php(199): CodeIgniter\Database\BaseBuilder->get()
 6 SYSTEMPATH\BaseModel.php(577): CodeIgniter\Model->doFind(true, 'B001')
 7 APPPATH\Controllers\Barang.php(30): CodeIgniter\BaseModel->find('B001')
 8 SYSTEMPATH\CodeIgniter.php(941): App\Controllers\Barang->view('B001')
 9 SYSTEMPATH\CodeIgniter.php(502): CodeIgniter\CodeIgniter->runController(Object(App\Controllers\Barang))
10 SYSTEMPATH\CodeIgniter.php(361): CodeIgniter\CodeIgniter->handleRequest(null, Object(Config\Cache), false)
11 FCPATH\index.php(79): CodeIgniter\CodeIgniter->run()
12 SYSTEMPATH\Commands\Server\rewrite.php(47): require_once('C:\\xampp\\htdocs\\ci-news\\public\\index.php')
